22:38:05,664 (main) INFO  [DataNucleus.Enhancer] - DataNucleus Enhancer for API "JDO"
22:38:05,819 (main) INFO  [DataNucleus.Enhancer] - DataNucleus Enhancer (version 3.1.1) : Enhancement of classes
22:38:06,144 (main) INFO  [DataNucleus.Enhancer] - Writing class file "/Users/zhengfucheng/Documents/workspace/sightcorner/target/sightcorner-1.0-SNAPSHOT/WEB-INF/classes/com/sightcorner/www/po/AccessRecord.class" with enhanced definition
22:38:06,146 (main) INFO  [DataNucleus.Enhancer] - Writing class file "/Users/zhengfucheng/Documents/workspace/sightcorner/target/sightcorner-1.0-SNAPSHOT/WEB-INF/classes/com/sightcorner/www/po/AccessRecordTotal.class" with enhanced definition
22:38:06,167 (main) INFO  [DataNucleus.Enhancer] - Writing class file "/Users/zhengfucheng/Documents/workspace/sightcorner/target/sightcorner-1.0-SNAPSHOT/WEB-INF/classes/com/sightcorner/www/po/BasePo.class" with enhanced definition
22:38:06,169 (main) INFO  [DataNucleus.Enhancer] - Writing class file "/Users/zhengfucheng/Documents/workspace/sightcorner/target/sightcorner-1.0-SNAPSHOT/WEB-INF/classes/com/sightcorner/www/po/LikeRecord.class" with enhanced definition
22:38:06,171 (main) INFO  [DataNucleus.Enhancer] - Writing class file "/Users/zhengfucheng/Documents/workspace/sightcorner/target/sightcorner-1.0-SNAPSHOT/WEB-INF/classes/com/sightcorner/www/po/LikeRecordTotal.class" with enhanced definition
22:38:06,171 (main) INFO  [DataNucleus.Enhancer] - DataNucleus Enhancer completed with success for 5 classes. Timings : input=281 ms, enhance=70 ms, total=351 ms. Consult the log for full details
22:38:15,427 (main) INFO  [DataNucleus.Enhancer] - DataNucleus Enhancer for API "JDO"
22:38:15,581 (main) INFO  [DataNucleus.Enhancer] - DataNucleus Enhancer (version 3.1.1) : Enhancement of classes
22:38:15,885 (main) INFO  [DataNucleus.Enhancer] - Class "com.sightcorner.www.po.AccessRecord" is already enhanced.
22:38:15,885 (main) INFO  [DataNucleus.Enhancer] - Class "com.sightcorner.www.po.AccessRecordTotal" is already enhanced.
22:38:15,900 (main) INFO  [DataNucleus.Enhancer] - Class "com.sightcorner.www.po.BasePo" is already enhanced.
22:38:15,900 (main) INFO  [DataNucleus.Enhancer] - Class "com.sightcorner.www.po.LikeRecord" is already enhanced.
22:38:15,901 (main) INFO  [DataNucleus.Enhancer] - Class "com.sightcorner.www.po.LikeRecordTotal" is already enhanced.
22:38:15,901 (main) INFO  [DataNucleus.Enhancer] - DataNucleus Enhancer completed with success for 5 classes. Timings : input=285 ms, enhance=34 ms, total=319 ms. Consult the log for full details
22:38:32,403 (main) INFO  [DataNucleus.Enhancer] - DataNucleus Enhancer for API "JDO"
22:38:32,560 (main) INFO  [DataNucleus.Enhancer] - DataNucleus Enhancer (version 3.1.1) : Validation of enhancement state
22:38:32,878 (main) INFO  [DataNucleus.Enhancer] - DataNucleus Enhancer completed with success for 5 classes. Timings : input=281 ms, enhance=36 ms, total=317 ms. Consult the log for full details
00:02:05,300 (main) INFO  [DataNucleus.Enhancer] - DataNucleus Enhancer for API "JDO"
00:02:05,475 (main) INFO  [DataNucleus.Enhancer] - DataNucleus Enhancer (version 3.1.1) : Enhancement of classes
00:02:05,834 (main) INFO  [DataNucleus.Enhancer] - Writing class file "/Users/zhengfucheng/Documents/workspace/sightcorner/target/sightcorner-1.0-SNAPSHOT/WEB-INF/classes/com/sightcorner/www/po/AccessRecord.class" with enhanced definition
00:02:05,836 (main) INFO  [DataNucleus.Enhancer] - Writing class file "/Users/zhengfucheng/Documents/workspace/sightcorner/target/sightcorner-1.0-SNAPSHOT/WEB-INF/classes/com/sightcorner/www/po/AccessRecordTotal.class" with enhanced definition
00:02:05,856 (main) INFO  [DataNucleus.Enhancer] - Writing class file "/Users/zhengfucheng/Documents/workspace/sightcorner/target/sightcorner-1.0-SNAPSHOT/WEB-INF/classes/com/sightcorner/www/po/BasePo.class" with enhanced definition
00:02:05,858 (main) INFO  [DataNucleus.Enhancer] - Writing class file "/Users/zhengfucheng/Documents/workspace/sightcorner/target/sightcorner-1.0-SNAPSHOT/WEB-INF/classes/com/sightcorner/www/po/LikeRecord.class" with enhanced definition
00:02:05,861 (main) INFO  [DataNucleus.Enhancer] - Writing class file "/Users/zhengfucheng/Documents/workspace/sightcorner/target/sightcorner-1.0-SNAPSHOT/WEB-INF/classes/com/sightcorner/www/po/LikeRecordTotal.class" with enhanced definition
00:02:05,861 (main) INFO  [DataNucleus.Enhancer] - DataNucleus Enhancer completed with success for 5 classes. Timings : input=317 ms, enhance=68 ms, total=385 ms. Consult the log for full details
00:01:28,965 (main) INFO  [DataNucleus.Enhancer] - DataNucleus Enhancer for API "JDO"
00:01:29,164 (main) INFO  [DataNucleus.Enhancer] - DataNucleus Enhancer (version 3.1.1) : Enhancement of classes
00:01:29,519 (main) INFO  [DataNucleus.Enhancer] - Writing class file "/Users/zhengfucheng/Documents/workspace/sightcorner/target/sightcorner-1.0-SNAPSHOT/WEB-INF/classes/com/sightcorner/www/po/AccessRecord.class" with enhanced definition
00:01:29,522 (main) INFO  [DataNucleus.Enhancer] - Writing class file "/Users/zhengfucheng/Documents/workspace/sightcorner/target/sightcorner-1.0-SNAPSHOT/WEB-INF/classes/com/sightcorner/www/po/AccessRecordTotal.class" with enhanced definition
00:01:29,548 (main) INFO  [DataNucleus.Enhancer] - Writing class file "/Users/zhengfucheng/Documents/workspace/sightcorner/target/sightcorner-1.0-SNAPSHOT/WEB-INF/classes/com/sightcorner/www/po/BasePo.class" with enhanced definition
00:01:29,550 (main) INFO  [DataNucleus.Enhancer] - Writing class file "/Users/zhengfucheng/Documents/workspace/sightcorner/target/sightcorner-1.0-SNAPSHOT/WEB-INF/classes/com/sightcorner/www/po/LikeRecord.class" with enhanced definition
00:01:29,553 (main) INFO  [DataNucleus.Enhancer] - Writing class file "/Users/zhengfucheng/Documents/workspace/sightcorner/target/sightcorner-1.0-SNAPSHOT/WEB-INF/classes/com/sightcorner/www/po/LikeRecordTotal.class" with enhanced definition
00:01:29,553 (main) INFO  [DataNucleus.Enhancer] - DataNucleus Enhancer completed with success for 5 classes. Timings : input=310 ms, enhance=77 ms, total=387 ms. Consult the log for full details
00:14:04,289 (main) INFO  [DataNucleus.Enhancer] - DataNucleus Enhancer for API "JDO"
00:14:04,454 (main) INFO  [DataNucleus.Enhancer] - DataNucleus Enhancer (version 3.1.1) : Enhancement of classes
00:14:04,768 (main) INFO  [DataNucleus.Enhancer] - Writing class file "/Users/zhengfucheng/Documents/github_workspace/sightcorner/target/sightcorner-1.0-SNAPSHOT/WEB-INF/classes/com/sightcorner/www/po/AccessRecord.class" with enhanced definition
00:14:04,771 (main) INFO  [DataNucleus.Enhancer] - Writing class file "/Users/zhengfucheng/Documents/github_workspace/sightcorner/target/sightcorner-1.0-SNAPSHOT/WEB-INF/classes/com/sightcorner/www/po/AccessRecordTotal.class" with enhanced definition
00:14:04,794 (main) INFO  [DataNucleus.Enhancer] - Writing class file "/Users/zhengfucheng/Documents/github_workspace/sightcorner/target/sightcorner-1.0-SNAPSHOT/WEB-INF/classes/com/sightcorner/www/po/BasePo.class" with enhanced definition
00:14:04,796 (main) INFO  [DataNucleus.Enhancer] - Writing class file "/Users/zhengfucheng/Documents/github_workspace/sightcorner/target/sightcorner-1.0-SNAPSHOT/WEB-INF/classes/com/sightcorner/www/po/LikeRecord.class" with enhanced definition
00:14:04,799 (main) INFO  [DataNucleus.Enhancer] - Writing class file "/Users/zhengfucheng/Documents/github_workspace/sightcorner/target/sightcorner-1.0-SNAPSHOT/WEB-INF/classes/com/sightcorner/www/po/LikeRecordTotal.class" with enhanced definition
00:14:04,799 (main) INFO  [DataNucleus.Enhancer] - DataNucleus Enhancer completed with success for 5 classes. Timings : input=265 ms, enhance=78 ms, total=343 ms. Consult the log for full details
00:17:38,253 (main) INFO  [DataNucleus.Enhancer] - DataNucleus Enhancer for API "JDO"
00:17:38,415 (main) INFO  [DataNucleus.Enhancer] - DataNucleus Enhancer (version 3.1.1) : Enhancement of classes
00:17:38,721 (main) INFO  [DataNucleus.Enhancer] - Writing class file "/Users/zhengfucheng/Documents/github_workspace/sightcorner/target/sightcorner-1.0-SNAPSHOT/WEB-INF/classes/com/sightcorner/www/po/AccessRecord.class" with enhanced definition
00:17:38,725 (main) INFO  [DataNucleus.Enhancer] - Writing class file "/Users/zhengfucheng/Documents/github_workspace/sightcorner/target/sightcorner-1.0-SNAPSHOT/WEB-INF/classes/com/sightcorner/www/po/AccessRecordTotal.class" with enhanced definition
00:17:38,749 (main) INFO  [DataNucleus.Enhancer] - Writing class file "/Users/zhengfucheng/Documents/github_workspace/sightcorner/target/sightcorner-1.0-SNAPSHOT/WEB-INF/classes/com/sightcorner/www/po/BasePo.class" with enhanced definition
00:17:38,751 (main) INFO  [DataNucleus.Enhancer] - Writing class file "/Users/zhengfucheng/Documents/github_workspace/sightcorner/target/sightcorner-1.0-SNAPSHOT/WEB-INF/classes/com/sightcorner/www/po/LikeRecord.class" with enhanced definition
00:17:38,753 (main) INFO  [DataNucleus.Enhancer] - Writing class file "/Users/zhengfucheng/Documents/github_workspace/sightcorner/target/sightcorner-1.0-SNAPSHOT/WEB-INF/classes/com/sightcorner/www/po/LikeRecordTotal.class" with enhanced definition
00:17:38,754 (main) INFO  [DataNucleus.Enhancer] - DataNucleus Enhancer completed with success for 5 classes. Timings : input=264 ms, enhance=74 ms, total=338 ms. Consult the log for full details
15:43:45,389 (main) INFO  [DataNucleus.Enhancer] - DataNucleus Enhancer for API "JDO"
15:43:45,556 (main) INFO  [DataNucleus.Enhancer] - DataNucleus Enhancer (version 3.1.1) : Enhancement of classes
15:43:45,845 (main) INFO  [DataNucleus.Enhancer] - Writing class file "/Users/zhengfucheng/Documents/github_workspace/sightcorner/target/sightcorner-1.0-SNAPSHOT/WEB-INF/classes/com/sightcorner/www/po/AccessRecord.class" with enhanced definition
15:43:45,847 (main) INFO  [DataNucleus.Enhancer] - Writing class file "/Users/zhengfucheng/Documents/github_workspace/sightcorner/target/sightcorner-1.0-SNAPSHOT/WEB-INF/classes/com/sightcorner/www/po/AccessRecordTotal.class" with enhanced definition
15:43:45,870 (main) INFO  [DataNucleus.Enhancer] - Writing class file "/Users/zhengfucheng/Documents/github_workspace/sightcorner/target/sightcorner-1.0-SNAPSHOT/WEB-INF/classes/com/sightcorner/www/po/BasePo.class" with enhanced definition
15:43:45,872 (main) INFO  [DataNucleus.Enhancer] - Writing class file "/Users/zhengfucheng/Documents/github_workspace/sightcorner/target/sightcorner-1.0-SNAPSHOT/WEB-INF/classes/com/sightcorner/www/po/LikeRecord.class" with enhanced definition
15:43:45,874 (main) INFO  [DataNucleus.Enhancer] - Writing class file "/Users/zhengfucheng/Documents/github_workspace/sightcorner/target/sightcorner-1.0-SNAPSHOT/WEB-INF/classes/com/sightcorner/www/po/LikeRecordTotal.class" with enhanced definition
15:43:45,874 (main) INFO  [DataNucleus.Enhancer] - DataNucleus Enhancer completed with success for 5 classes. Timings : input=252 ms, enhance=65 ms, total=317 ms. Consult the log for full details
18:10:39,454 (main) INFO  [DataNucleus.Enhancer] - DataNucleus Enhancer for API "JDO"
18:10:39,637 (main) INFO  [DataNucleus.Enhancer] - DataNucleus Enhancer (version 3.1.1) : Enhancement of classes
18:10:39,968 (main) INFO  [DataNucleus.Enhancer] - Writing class file "/Users/zhengfucheng/Documents/github_workspace/sightcorner/target/sightcorner-1.0-SNAPSHOT/WEB-INF/classes/com/sightcorner/www/po/AccessRecord.class" with enhanced definition
18:10:39,970 (main) INFO  [DataNucleus.Enhancer] - Writing class file "/Users/zhengfucheng/Documents/github_workspace/sightcorner/target/sightcorner-1.0-SNAPSHOT/WEB-INF/classes/com/sightcorner/www/po/AccessRecordTotal.class" with enhanced definition
18:10:39,991 (main) INFO  [DataNucleus.Enhancer] - Writing class file "/Users/zhengfucheng/Documents/github_workspace/sightcorner/target/sightcorner-1.0-SNAPSHOT/WEB-INF/classes/com/sightcorner/www/po/BasePo.class" with enhanced definition
18:10:39,993 (main) INFO  [DataNucleus.Enhancer] - Writing class file "/Users/zhengfucheng/Documents/github_workspace/sightcorner/target/sightcorner-1.0-SNAPSHOT/WEB-INF/classes/com/sightcorner/www/po/LikeRecord.class" with enhanced definition
18:10:39,996 (main) INFO  [DataNucleus.Enhancer] - Writing class file "/Users/zhengfucheng/Documents/github_workspace/sightcorner/target/sightcorner-1.0-SNAPSHOT/WEB-INF/classes/com/sightcorner/www/po/LikeRecordTotal.class" with enhanced definition
18:10:39,996 (main) INFO  [DataNucleus.Enhancer] - DataNucleus Enhancer completed with success for 5 classes. Timings : input=293 ms, enhance=64 ms, total=357 ms. Consult the log for full details
20:10:03,523 (main) INFO  [DataNucleus.Enhancer] - DataNucleus Enhancer for API "JDO"
20:10:03,708 (main) INFO  [DataNucleus.Enhancer] - DataNucleus Enhancer (version 3.1.1) : Enhancement of classes
20:10:04,051 (main) INFO  [DataNucleus.Enhancer] - Writing class file "/Users/zhengfucheng/Documents/github_workspace/sightcorner/target/sightcorner-1.0-SNAPSHOT/WEB-INF/classes/com/sightcorner/www/po/AccessRecord.class" with enhanced definition
20:10:04,053 (main) INFO  [DataNucleus.Enhancer] - Writing class file "/Users/zhengfucheng/Documents/github_workspace/sightcorner/target/sightcorner-1.0-SNAPSHOT/WEB-INF/classes/com/sightcorner/www/po/AccessRecordTotal.class" with enhanced definition
20:10:04,077 (main) INFO  [DataNucleus.Enhancer] - Writing class file "/Users/zhengfucheng/Documents/github_workspace/sightcorner/target/sightcorner-1.0-SNAPSHOT/WEB-INF/classes/com/sightcorner/www/po/BasePo.class" with enhanced definition
20:10:04,080 (main) INFO  [DataNucleus.Enhancer] - Writing class file "/Users/zhengfucheng/Documents/github_workspace/sightcorner/target/sightcorner-1.0-SNAPSHOT/WEB-INF/classes/com/sightcorner/www/po/LikeRecord.class" with enhanced definition
20:10:04,082 (main) INFO  [DataNucleus.Enhancer] - Writing class file "/Users/zhengfucheng/Documents/github_workspace/sightcorner/target/sightcorner-1.0-SNAPSHOT/WEB-INF/classes/com/sightcorner/www/po/LikeRecordTotal.class" with enhanced definition
20:10:04,083 (main) INFO  [DataNucleus.Enhancer] - DataNucleus Enhancer completed with success for 5 classes. Timings : input=302 ms, enhance=70 ms, total=372 ms. Consult the log for full details
20:10:33,830 (main) INFO  [DataNucleus.Enhancer] - DataNucleus Enhancer for API "JDO"
20:10:34,004 (main) INFO  [DataNucleus.Enhancer] - DataNucleus Enhancer (version 3.1.1) : Enhancement of classes
20:10:34,323 (main) INFO  [DataNucleus.Enhancer] - Writing class file "/Users/zhengfucheng/Documents/github_workspace/sightcorner/target/sightcorner-1.0-SNAPSHOT/WEB-INF/classes/com/sightcorner/www/po/AccessRecord.class" with enhanced definition
20:10:34,326 (main) INFO  [DataNucleus.Enhancer] - Writing class file "/Users/zhengfucheng/Documents/github_workspace/sightcorner/target/sightcorner-1.0-SNAPSHOT/WEB-INF/classes/com/sightcorner/www/po/AccessRecordTotal.class" with enhanced definition
20:10:34,349 (main) INFO  [DataNucleus.Enhancer] - Writing class file "/Users/zhengfucheng/Documents/github_workspace/sightcorner/target/sightcorner-1.0-SNAPSHOT/WEB-INF/classes/com/sightcorner/www/po/BasePo.class" with enhanced definition
20:10:34,351 (main) INFO  [DataNucleus.Enhancer] - Writing class file "/Users/zhengfucheng/Documents/github_workspace/sightcorner/target/sightcorner-1.0-SNAPSHOT/WEB-INF/classes/com/sightcorner/www/po/LikeRecord.class" with enhanced definition
20:10:34,354 (main) INFO  [DataNucleus.Enhancer] - Writing class file "/Users/zhengfucheng/Documents/github_workspace/sightcorner/target/sightcorner-1.0-SNAPSHOT/WEB-INF/classes/com/sightcorner/www/po/LikeRecordTotal.class" with enhanced definition
20:10:34,354 (main) INFO  [DataNucleus.Enhancer] - DataNucleus Enhancer completed with success for 5 classes. Timings : input=280 ms, enhance=68 ms, total=348 ms. Consult the log for full details
13:29:15,958 (main) INFO  [DataNucleus.Enhancer] - DataNucleus Enhancer for API "JDO"
13:29:16,149 (main) INFO  [DataNucleus.Enhancer] - DataNucleus Enhancer (version 3.1.1) : Enhancement of classes
13:29:16,502 (main) INFO  [DataNucleus.Enhancer] - Writing class file "/Users/zhengfucheng/Documents/github_workspace/sightcorner/target/sightcorner-1.0-SNAPSHOT/WEB-INF/classes/com/sightcorner/www/po/AccessRecord.class" with enhanced definition
13:29:16,507 (main) INFO  [DataNucleus.Enhancer] - Writing class file "/Users/zhengfucheng/Documents/github_workspace/sightcorner/target/sightcorner-1.0-SNAPSHOT/WEB-INF/classes/com/sightcorner/www/po/AccessRecordTotal.class" with enhanced definition
13:29:16,532 (main) INFO  [DataNucleus.Enhancer] - Writing class file "/Users/zhengfucheng/Documents/github_workspace/sightcorner/target/sightcorner-1.0-SNAPSHOT/WEB-INF/classes/com/sightcorner/www/po/BasePo.class" with enhanced definition
13:29:16,534 (main) INFO  [DataNucleus.Enhancer] - Writing class file "/Users/zhengfucheng/Documents/github_workspace/sightcorner/target/sightcorner-1.0-SNAPSHOT/WEB-INF/classes/com/sightcorner/www/po/LikeRecord.class" with enhanced definition
13:29:16,537 (main) INFO  [DataNucleus.Enhancer] - Writing class file "/Users/zhengfucheng/Documents/github_workspace/sightcorner/target/sightcorner-1.0-SNAPSHOT/WEB-INF/classes/com/sightcorner/www/po/LikeRecordTotal.class" with enhanced definition
13:29:16,538 (main) INFO  [DataNucleus.Enhancer] - DataNucleus Enhancer completed with success for 5 classes. Timings : input=311 ms, enhance=75 ms, total=386 ms. Consult the log for full details
13:31:16,367 (main) INFO  [DataNucleus.Enhancer] - DataNucleus Enhancer for API "JDO"
13:31:16,550 (main) INFO  [DataNucleus.Enhancer] - DataNucleus Enhancer (version 3.1.1) : Enhancement of classes
13:31:16,867 (main) INFO  [DataNucleus.Enhancer] - Class "com.sightcorner.www.po.AccessRecord" is already enhanced.
13:31:16,867 (main) INFO  [DataNucleus.Enhancer] - Class "com.sightcorner.www.po.AccessRecordTotal" is already enhanced.
13:31:16,885 (main) INFO  [DataNucleus.Enhancer] - Class "com.sightcorner.www.po.BasePo" is already enhanced.
13:31:16,886 (main) INFO  [DataNucleus.Enhancer] - Class "com.sightcorner.www.po.LikeRecord" is already enhanced.
13:31:16,886 (main) INFO  [DataNucleus.Enhancer] - Class "com.sightcorner.www.po.LikeRecordTotal" is already enhanced.
13:31:16,887 (main) INFO  [DataNucleus.Enhancer] - DataNucleus Enhancer completed with success for 5 classes. Timings : input=299 ms, enhance=35 ms, total=334 ms. Consult the log for full details
12:14:55,411 (main) INFO  [DataNucleus.Enhancer] - DataNucleus Enhancer for API "JDO"
12:14:55,613 (main) INFO  [DataNucleus.Enhancer] - DataNucleus Enhancer (version 3.1.1) : Enhancement of classes
12:14:55,934 (main) INFO  [DataNucleus.Enhancer] - Class "com.sightcorner.www.po.AccessRecord" is already enhanced.
12:14:55,935 (main) INFO  [DataNucleus.Enhancer] - Class "com.sightcorner.www.po.AccessRecordTotal" is already enhanced.
12:14:55,951 (main) INFO  [DataNucleus.Enhancer] - Class "com.sightcorner.www.po.BasePo" is already enhanced.
12:14:55,951 (main) INFO  [DataNucleus.Enhancer] - Class "com.sightcorner.www.po.LikeRecord" is already enhanced.
12:14:55,952 (main) INFO  [DataNucleus.Enhancer] - Class "com.sightcorner.www.po.LikeRecordTotal" is already enhanced.
12:14:55,952 (main) INFO  [DataNucleus.Enhancer] - DataNucleus Enhancer completed with success for 5 classes. Timings : input=304 ms, enhance=34 ms, total=338 ms. Consult the log for full details
12:16:41,684 (main) INFO  [DataNucleus.Enhancer] - DataNucleus Enhancer for API "JDO"
12:16:41,852 (main) INFO  [DataNucleus.Enhancer] - DataNucleus Enhancer (version 3.1.1) : Enhancement of classes
12:16:42,135 (main) INFO  [DataNucleus.Enhancer] - Class "com.sightcorner.www.po.AccessRecord" is already enhanced.
12:16:42,136 (main) INFO  [DataNucleus.Enhancer] - Class "com.sightcorner.www.po.AccessRecordTotal" is already enhanced.
12:16:42,153 (main) INFO  [DataNucleus.Enhancer] - Class "com.sightcorner.www.po.BasePo" is already enhanced.
12:16:42,154 (main) INFO  [DataNucleus.Enhancer] - Class "com.sightcorner.www.po.LikeRecord" is already enhanced.
12:16:42,154 (main) INFO  [DataNucleus.Enhancer] - Class "com.sightcorner.www.po.LikeRecordTotal" is already enhanced.
12:16:42,154 (main) INFO  [DataNucleus.Enhancer] - DataNucleus Enhancer completed with success for 5 classes. Timings : input=264 ms, enhance=36 ms, total=300 ms. Consult the log for full details
